    oc1: apache2
    oc1: apache2-bin
    oc1: apache2-data
    oc1: bridge-utils
    oc1: ceph
    oc1: ceph-common
    oc1: chef
    oc1: chef-zero
    oc1: cinder-api
    oc1: cinder-backup
    oc1: cinder-common
    oc1: cinder-scheduler
    oc1: cinder-volume
    oc1: cliff-tablib
    oc1: cloud-guest-utils
    oc1: cloud-init
    oc1: collectd
    oc1: collectd-core
    oc1: consul
    oc1: cpu-checker
    oc1: dh-python
    oc1: dnsmasq
    oc1: dnsmasq-base
    oc1: dnsutils
    oc1: dosfstools
    oc1: ebtables
    oc1: euca2ools
    oc1: facter
    oc1: fakeroot
    oc1: glance-api
    oc1: glance-common
    oc1: glance-registry
    oc1: hiera
    oc1: icoutils
    oc1: iproute
    oc1: ipxe-qemu
    oc1: irqbalance
    oc1: jfsutils
    oc1: jiocloud-ssl-certificate
    oc1: keystone
    oc1: landsca
    oc1: pe-common
    oc1: ldmtool
    oc1: libgnutls26:amd64
    oc1: libxdamage
    oc1: lvm2
    oc1: memcached
    oc1: msr-tools
    oc1: nagios-plugins
    oc1: nagios-plugins-basic
    oc1: nagios-plugins-common
    oc1: nagios-plugins-standard
    oc1: nova-api
    oc1: nova-cert
    oc1: nova-common
    oc1: nova-conductor
    oc1: nova-consoleauth
    oc1: nova-novncproxy
    oc1: nova-scheduler
    oc1: novnc
    oc1: ntp
    oc1: ntpdate
    oc1: open-vm-tools
    oc1: pm-utils
    oc1: poppler-data
    oc1: puppet
    oc1: puppet-common
    oc1: puppetlabs-release
    oc1: python
    oc1: python-alembic
    oc1: python-amqp
    oc1: python-amqplib
    oc1: python-barbicanclient
    oc1: python-boto
    oc1: python-ceph
    oc1: python-cephfs
    oc1: python-cffi
    oc1: python-cinder
    oc1: python-cinderclient
    oc1: python-colorama
    oc1: python-colorama-whl
    oc1: python-consulate
    oc1: python-distlib
    oc1: python-distlib-whl
    oc1: python-dogpile.cache
    oc1: python-dogpile.core
    oc1: python-glance
    oc1: python-glance-store
    oc1: python-glanceclient
    oc1: python-hpilo
    oc1: python-html5lib
    oc1: python-html5lib-whl
    oc1: python-ironicclient
    oc1: python-jiocloud
    oc1: python-keyring
    oc1: python-keystone
    oc1: python-keystoneclient
    oc1: python-keystonemiddleware
    oc1: python-lazr.restfulclient
    oc1: python-lazr.uri
    oc1: python-ldap
    oc1: python-ldappool
    oc1: python-lockfile
    oc1: python-m2crypto
    oc1: python-mako
    oc1: python-memcache
    oc1: python-migrate
    oc1: python-mimeparse
    oc1: python-mysqldb
    oc1: python-ndg-httpsclient
    oc1: python-networkx
    oc1: python-neutronclient
    oc1: python-nova
    oc1: python-novaclient
    oc1: python-novnc
    oc1: python-ntdb
    oc1: python-numpy
    oc1: python-openid
    oc1: python-openstackclient
    oc1: python-oslo-concurrency
    oc1: python-oslo-config
    oc1: python-oslo-context
    oc1: python-oslo-db
    oc1: python-oslo-i18n
    oc1: python-oslo-log
    oc1: python-oslo-messaging
    oc1: python-oslo-middleware
    oc1: python-oslo-policy
    oc1: python-oslo-rootwrap
    oc1: python-oslo-serialization
    oc1: python-oslo-utils
    oc1: python-oslo-vmware
    oc1: python-oslo.config
    oc1: python-oslo.i18n
    oc1: python-oslo.messaging
    oc1: python-oslo.serialization
    oc1: python-oslo.utils
    oc1: python-oslosphinx
    oc1: python-osprofiler
    oc1: python-rados
    oc1: python-rbd
    oc1: python-retrying
    oc1: python-rfc3986
    oc1: python-routes
    oc1: python-samba
    oc1: python-scgi
    oc1: python-semantic-version
    oc1: python-simplegeneric
    oc1: python-sqlalchemy
    oc1: python-sqlalchemy-ext
    oc1: python-sqlparse
    oc1: python-swiftclient
    oc1: python-tempita
    oc1: python-warlock
    oc1: python-webob
    oc1: python-wheel
    oc1: python-wsme
    oc1: python-zmq
    oc1: python-zope.interface
    oc1: qemu-system-common
    oc1: qemu-system-x86
    oc1: qemu-utils
    oc1: reiserfsprogs
==> oc1: finished with exit code 0
    cp2: binfmt-support
    cp2: bridge-utils
    cp2: ceph
    cp2: ceph-common
    cp2: chef
    cp2: chef-zero
    cp2: cliff-tablib
    cp2: cloud-guest-utils
    cp2: cloud-init
    cp2: collectd
    cp2: collectd-core
    cp2: consul
    cp2: contrail-lib
    cp2: contrail-nova-driver
    cp2: contrail-utils
    cp2: contrail-vrouter-agent
    cp2: contrail-vrouter-dkms
    cp2: contrail-vrouter-utils
    cp2: cpu-checker
    cp2: dh-python
    cp2: dnsmasq
    cp2: dnsmasq-base
    cp2: dnsutils
    cp2: dosfstools
    cp2: ebtables
    cp2: euca2ools
    cp2: facter
    cp2: fakeroot
    cp2: haproxy
    cp2: hiera
    cp2: icoutils
    cp2: iproute
    cp2: ipxe-qemu
    cp2: irqbalance
    cp2: jfsutils
    cp2: jiocloud-ssl-certificate
    cp2: kpartx
    cp2: ldmtool
    cp2: libgphoto
    gcp1: binfmt-support
    gcp1: bridge-utils
    gcp1: ceph
    gcp1: ceph-common
    gcp1: chef
    gcp1: chef-zero
    gcp1: cliff-tablib
    gcp1: cloud-guest-utils
    gcp1: cloud-init
    gcp1: collectd
    gcp1: collectd-core
    gcp1: consul
    gcp1: contrail-lib
    gcp1: contrail-nova-driver
    gcp1: contrail-utils
    gcp1: contrail-vrouter-agent
    gcp1: contrail-vrouter-dkms
    gcp1: contrail-vrouter-utils
    gcp1: cpu-checker
    gcp1: dh-python
    gcp1: dnsmasq
    gcp1: dnsmasq-base
    gcp1: dnsutils
    gcp1: docutils-common
    gcp1: docutils-doc
    gcp1: dosfstools
    gcp1: ebtables
    gcp1: euca2ools
    gcp1: facter
    gcp1: fakeroot
    gcp1: haproxy
    gcp1: hiera
    gcp1: icoutils
    gcp1: iproute
    gcp1: ipxe-qemu
    gcp1: irqbalance
    gcp1: jfsutils
    gcp1: jiocloud-ssl-certificate
    gcp1: kpartx						instal
    ocdb1: apache2
    ocdb1: apache2-bin
    ocdb1: apache2-data
    ocdb1: bridge-utils
    ocdb1: ceph
    ocdb1: ceph-common
    ocdb1: chef
    ocdb1: chef-zero
    ocdb1: cinder-api
    ocdb1: cinder-backup
    ocdb1: cinder-common
    ocdb1: cinder-scheduler
    ocdb1: cinder-volume
    ocdb1: cliff-tablib
    ocdb1: cloud-guest-utils
    ocdb1: cloud-init
    ocdb1: collectd
    ocdb1: collectd-core
    ocdb1: consul
    ocdb1: cpu-checker
    ocdb1: dh-python
    ocdb1: dnsmasq
    ocdb1: dnsmasq-base
    ocdb1: dnsutils
    ocdb1: dosfstools
    ocdb1: ebtables
    ocdb1: euca2ools
    ocdb1: facter
    ocdb1: fakeroot
    ocdb1: glance-api
    ocdb1: glance-common
    ocdb1: glance-registry
    ocdb1: hiera
    ocdb1: icoutils
    ocdb1: iproute
    ocdb1: ipxe-qemu
    ocdb1: irqbalance
    ocdb1: jfsutils
    ocdb1: jiocloud-ssl-certificate
    ocdb1: keystone
    ocdb1: ldmto
    cp2: 2-6:amd64
    cp2:ins
    cp2: tall
    cp2: li
    gcp1: l
    gcp1: ldmtool
    gcp1: li
    haproxy1: chef
    haproxy1: chef-zero
    haproxy1: cloud-guest-utils
    haproxy1: cloud-init
    haproxy1: collectd
    haproxy1: collectd-core
    haproxy1: consul
    haproxy1: dh-python
    haproxy1: dnsmasq
    haproxy1: dnsmasq-base
    haproxy1: dnsutils
    haproxy1: dosfstools
    haproxy1: facter
    haproxy1: fakeroot
    haproxy1: haproxy
    haproxy1: hiera
    haproxy1: irqbalance
    haproxy1: jiocloud-ssl-certificate
    haproxy1: libattr1:amd64
    ocdb1: ol
    ocdb1: libgp
    ocdb1: m2:amd64
    ocdb1:insta
    st1: ceph
    st1: ceph-common
    st1: chef
    st1: chef-zero
    st1: cloud-guest-utils
    st1: cloud-init
    st1: collectd
    st1: collectd-core
    st1: consul
    st1: dh-python
    st1: dnsmasq
    st1: dnsmasq-base
    st1: dnsutils
    st1: dosfstools
    st1: facter
    st1: fakeroot
    st1: hiera
    st1: irqbalance
    st1: jiocloud-ssl-certificate
    stmon2: apache2
    stmon2: apache2-bin
    stmon2: apache2-data
    stmon2: ceph
    stmon2: ceph-common
    stmon2: chef
    stmon2: chef-zero
    stmon2: cloud-guest-utils
    stmon2: cloud-init
    stmon2: collectd
    stmon2: collectd-core
    stmon2: consul
    stmon2: dh-python
    stmon2: dnsmasq
    stmon2: dnsmasq-base
    stmon2: dnsutils
    stmon2: dosfstools
    stmon2: facter
    stmon2: fakeroot
    stmon2: hiera
    stmon2: irqbalance
    stmon2: jiocloud-ssl-certificate
    stmon2: liba
    stmonleader1: apache2
    stmonleader1: apache2-bin
    stmonleader1: apache2-data
    stmonleader1: ceph
    stmonleader1: ceph-common
    stmonleader1: chef
    stmonleader1: chef-zero
    stmonleader1: cloud-guest-utils
    stmonleader1: cloud-init
    stmonleader1: collectd
    stmonleader1: collectd-core
    stmonleader1: consul
    stmonleader1: dh-python
    stmonleader1: dnsmasq
    stmonleader1: dnsmasq-base
    stmonleader1: dnsutils
    stmonleader1: dosfstools
    stmonleader1: facter
    stmonleader1: fakeroot
    stmonleader1: hiera
    stmonleader1: irqbalance
    stmonleader1: jiocloud-ssl-certificate
    stmonleader1: liba
    cp1: binfmt-support
    cp1: bridge-utils
    cp1: ceph
    cp1: ceph-common
    cp1: chef
    cp1: chef-zero
    cp1: cliff-tablib
    cp1: cloud-guest-utils
    cp1: cloud-init
    cp1: collectd
    cp1: collectd-core
    cp1: consul
    cp1: contrail-lib
    cp1: contrail-nova-driver
    cp1: contrail-utils
    cp1: contrail-vrouter-agent
    cp1: contrail-vrouter-dkms
    cp1: contrail-vrouter-utils
    cp1: cpu-checker
    cp1: dh-python
    cp1: dnsmasq
    cp1: dnsmasq-base
    cp1: dnsutils
    cp1: dosfstools
    cp1: ebtables
    cp1: euca2ools
    cp1: facter
    cp1: fakeroot
    cp1: haproxy
    cp1: hiera
    cp1: icoutils
    cp1: iproute
    cp1: ipxe-qemu
    cp1: irqbalance
    cp1: jfsutils
    cp1: jiocloud-ssl-certificate
    cp1: kpartx
    cp1: ldmtool
    cp1: libgphoto
    cp2: bxi6:amd64
    cp2: lvm2
    cp2: msr-tools
    cp2: nagios-plugins
    cp2: nagios-plugins-basic
    cp2: nagios-plugins-common
    cp2: nagios-plugins-standard
    cp2: nova-common
    cp2: nova-compute
    cp2: nova-compute-libvirt
    cp2: nova-compute-qemu
    cp2: ntp
    cp2: ntpdate
    cp2: open-iscsi
    cp2: open-vm-tools
    cp2: pm-utils
    cp2: poppler-data
    cp2: puppet
    cp2: puppet-common
    cp2: puppetlabs-release
    cp2: python
    cp2: python-alembic
    cp2: python-amqp
    cp2: python-amqplib
    cp2: python-backports.ssl-match-hostname
    cp2: python-bitarray
    cp2: python-boto
    cp2: python-bottle
    cp2: python-cephfs
    cp2: python-certifi
    cp2: python-cffi
    cp2: python-cinderclient
    cp2: python-consulate
    cp2: python-contrail
    cp2: python-contrail-vrouter-api
    cp2: python-docker-py
    cp2: python-dogpile.cache
    cp2: python-dogpile.core
    cp2: pyt
    ct1: apache2
    ct1: apache2-bin
    ct1: apache2-data
    ct1: cassandra
    ct1: chef
    ct1: chef-zero
    ct1: cloud-guest-utils
    ct1: cloud-init
    ct1: collectd
    ct1: collectd-core
    ct1: consul
    ct1: contrail-config
    ct1: contrail-config-openstack
    ct1: contrail-control
    ct1: contrail-lib
    ct1: contrail-utils
    ct1: contrail-web-controller
    ct1: contrail-web-core
    ct1: dh-python
    ct1: dnsmasq
    ct1: dnsmasq-base
    ct1: dnsutils
    ct1: dosfstools
    ct1: dsc12
    ct1: facter
    ct1: fakeroot
    ct1: gconf-service
    ct1: gconf-service-backend
    ct1: gconf2
    ct1: gconf2-common
    ct1: gvfs:amd64
    ct1: gvfs-common
    ct1: gvfs-daemons
    ct1: gvfs-libs:amd64
    ct1: haproxy
    ct1: h
    ct1: iera
    ct1: ifmap-server
    ct1: ipset
    ct1: irqbalance
    ct1: jiocloud-ssl-certificate
    ct1: jsvc
    ct1: amd64
    ct1: libmai
    gcp1: bgnutls-openssl27:amd64
    gcp1: libpam-modules-bin
    gcp1: libx86-1:amd64
    haproxy1: libieee1284-3:amd64
    ocdb1: libxfixes
    st1: libleveldb1:amd64
    stmon1: apache2
    stmon1: apache2-bin
    stmon1: apache2-data
    stmon1: ceph
    stmon1: ceph-common
    stmon1: chef
    stmon1: chef-zero
    stmon1: cloud-guest-utils
    stmon1: cloud-init
    stmon1: collectd
    stmon1: collectd-core
    stmon1: consul
    stmon1: dh-python
    stmon1: dnsmasq
    stmon1: dnsmasq-base
    stmon1: dnsutils
    stmon1: dosfstools
    stmon1: facter
    stmon1: fakeroot
    stmon1: hiera
    stmon1: irqbalance
    stmon1: jiocloud-ssl-certificate
    stmonleader1: nagios-plugins
    stmonleader1: nagios-plugins-basic
    stmonleader1: nagios-plugins-common
    stmonleader1: nagios-plugins-standard
    stmonleader1: ntp
    stmonleader1: ntpdate
    stmonleader1: open-vm-tools
    stmonleader1: puppet
    stmonleader1: puppet-common
    stmonleader1: puppetlabs-release
    stmonleader1: python
    stmonleader1:inst
==> bootstrap1: finished with exit code 0
    bootstrap1: chef
    bootstrap1: chef-zero
    bootstrap1: cloud-guest-utils
    bootstrap1: cloud-init
    bootstrap1: collectd
    bootstrap1: collectd-core
    bootstrap1: consul
    bootstrap1: consul-alerts
    bootstrap1: dh-python
    bootstrap1: dnsmasq
    bootstrap1: dnsmasq-base
    bootstrap1: dnsutils
    bootstrap1: dosfstools
    bootstrap1: facter
    bootstrap1: fakeroot
    bootstrap1: hiera
    bootstrap1: irqbalance
    bootstrap1: jiocloud-ssl-certificate
    bootstrap1: liblvm2ap
    bootstrap1: nagios-plugins
    bootstrap1: nagios-plugins-basic
    bootstrap1: nagios-plugins-common
    bootstrap1: nagios-plugins-standard
    bootstrap1: ntp
    bootstrap1: ntpdate
    bootstrap1: open-vm-tools
    bootstrap1: puppet
    bootstrap1: puppet-common
    bootstrap1: puppetlabs-release
    bootstrap1: python
    bootstrap1: python-consulate
    bootstrap1: python-hpilo
    bootstrap1: python-ironicclient
    bootstrap1: python-jiocloud
    bootstrap1: python-keyring
    bootstrap1: python-keystoneclient
    bootstrap1: python-lazr.restfulclient
    bootstrap1: python-lazr.uri
    bootstrap1: python-mysqldb
    bootstrap1: python-ndg-httpsclient
    bootstrap1: python-novaclient
    bootstrap1: python-ntdb
    bootstrap1: python-oslo-config
    bootstrap1: python-oslo-i18n
    bootstrap1: python-oslo-serialization
    bootstrap1: python-oslo-utils
    bootstrap1: python-oslo.i18n
    bootstrap1: python-oslo.serialization
    bootstrap1: python-oslo.utils
    bootstrap1: python-samba
    bootstrap1: python-zope.interface
==> cp1: finished with exit code 0
    cp1: lvm2
    cp1: msr-tools
    cp1: nagios-plugins
    cp1: nagios-plugins-basic
    cp1: nagios-plugins-common
    cp1: nagios-plugins-standard
    cp1: nova-common
    cp1: nova-compute
    cp1: nova-compute-libvirt
    cp1: nova-compute-qemu
    cp1: ntp
    cp1: ntpdate
    cp1: open-iscsi
    cp1: open-vm-tools
    cp1: pm-utils
    cp1: poppler-data
    cp1: puppet
    cp1: puppet-common
    cp1: puppetlabs-release
    cp1: python
    cp1: python-alembic
    cp1: python-amqp
    cp1: python-amqplib
    cp1: python-backports.ssl-match-hostname
    cp1: python-bitarray
    cp1: python-boto
    cp1: python-bottle
    cp1: python-cephfs
    cp1: python-certifi
    cp1: python-cffi
    cp1: python-cinderclient
    cp1: python-consulate
    cp1: python-contrail
    cp1: python-contrail-vrouter-api
    cp1: python-docker-py
    cp1: python-dogpile.cache
    cp1: python-dogpile.core
    cp1: python-flask
    cp1: python-gevent
    cp1: python-geventhttpclient
    cp1: python-glanceclient
    cp1: python-hpilo
    cp1: python-ironicclient
    cp1: python-jiocloud
    cp1: python-keyring
    cp1: python-keystone
    cp1: python-keystoneclient
    cp1: python-keystonemiddleware
    cp1: python-lazr.restfulclient
    cp1: python-lazr.uri
    cp1: python-ldap
    cp1: python-ldappool
    cp1: python-libvirt
    cp1: python-lockfile
    cp1: python-m2crypto
    cp1: python-mako
    cp1: python-meld3
    cp1: python-memcache
    cp1: python-migrate
    cp1: python-mimeparse
    cp1: python-mysqldb
    cp1: python-ndg-httpsclient
    cp1: python-neutronclient
    cp1: python-nova
    cp1: python-novaclient
    cp1: python-ntdb
    cp1: python-opencontrail-vrouter-netns
    cp1: python-openid
    cp1: python-openstackclient
    cp1: python-oslo-concurrency
    cp1: python-oslo-config
    cp1: python-oslo-context
    cp1: python-oslo-db
    cp1: python-oslo-i18n
    cp1: python-oslo-log
    cp1: python-oslo-messaging
    cp1: python-oslo-middleware
    cp1: python-oslo-policy
    cp1: python-oslo-rootwrap
    cp1: python-oslo-serialization
    cp1: python-oslo-utils
    cp1: python-oslo.config
    cp1: python-oslo.i18n
    cp1: python-oslo.messaging
    cp1: python-oslo.serialization
    cp1: python-oslo.utils
    cp1: python-oslosphinx
    cp1: python-pycassa
    cp1: python-rados
    cp1: python-rbd
    cp1: python-retrying
    cp1: python-rfc3986
    cp1: python-routes
    cp1: python-samba
    cp1: python-scgi
    cp1: python-sqlalchemy
    cp1: python-sqlalchemy-ext
    cp1: python-sqlparse
    cp1: python-thrift
    cp1: python-warlock
    cp1: python-webob
    cp1: python-zmq
    cp1: python-zope.interface
    cp1: qemu
    cp1: qemu-slof
    cp1: qemu-system
    cp1: qemu-system-arm
    cp1: qemu-system-common
    cp1: qemu-system-mips
    cp1: qemu-system-misc
    cp1: qemu-system-ppc
    cp1: qemu-system-sparc
    cp1: qemu-system-x86
    cp1: qemu-user
    cp1: qemu-user-binfmt
    cp1: qemu-utils
    cp1: reiserfsprogs
    cp1: supervisor
    cp1: vlan
==> cp2: finished with exit code 0
    cp2: hon-flask
    cp2: python-gevent
    cp2: python-geventhttpclient
    cp2: python-glanceclient
    cp2: python-hpilo
    cp2: python-ironicclient
    cp2: python-jiocloud
    cp2: python-keyring
    cp2: python-keystone
    cp2: python-keystoneclient
    cp2: python-keystonemiddleware
    cp2: python-lazr.restfulclient
    cp2: python-lazr.uri
    cp2: python-ldap
    cp2: python-ldappool
    cp2: python-libvirt
    cp2: python-lockfile
    cp2: python-m2crypto
    cp2: python-mako
    cp2: python-meld3
    cp2: python-memcache
    cp2: python-migrate
    cp2: python-mimeparse
    cp2: python-mysqldb
    cp2: python-ndg-httpsclient
    cp2: python-neutronclient
    cp2: python-nova
    cp2: python-novaclient
    cp2: python-ntdb
    cp2: python-opencontrail-vrouter-netns
    cp2: python-openid
    cp2: python-openstackclient
    cp2: python-oslo-concurrency
    cp2: python-oslo-config
    cp2: python-oslo-context
    cp2: python-oslo-db
    cp2: python-oslo-i18n
    cp2: python-oslo-log
    cp2: python-oslo-messaging
    cp2: python-oslo-middleware
    cp2: python-oslo-policy
    cp2: python-oslo-rootwrap
    cp2: python-oslo-serialization
    cp2: python-oslo-utils
    cp2: python-oslo.config
    cp2: python-oslo.i18n
    cp2: python-oslo.messaging
    cp2: python-oslo.serialization
    cp2: python-oslo.utils
    cp2: python-oslosphinx
    cp2: python-pycassa
    cp2: python-rados
    cp2: python-rbd
    cp2: python-retrying
    cp2: python-rfc3986
    cp2: python-routes
    cp2: python-samba
    cp2: python-scgi
    cp2: python-sqlalchemy
    cp2: python-sqlalchemy-ext
    cp2: python-sqlparse
    cp2: python-thrift
    cp2: python-warlock
    cp2: python-webob
    cp2: python-zmq
    cp2: python-zope.interface
    cp2: qemu
    cp2: qemu-slof
    cp2: qemu-system
    cp2: qemu-system-arm
    cp2: qemu-system-common
    cp2: qemu-system-mips
    cp2: qemu-system-misc
    cp2: qemu-system-ppc
    cp2: qemu-system-sparc
    cp2: qemu-system-x86
    cp2: qemu-user
    cp2: qemu-user-binfmt
    cp2: qemu-utils
    cp2: reiserfsprogs
    cp2: supervisor
    cp2: vlan
==> ct1: finished with exit code 0
    ct1: ltools-perl
    ct1: libtext-charw
    ct1: idth-perl
    ct1: nagios-plugins
    ct1: nagios-plugins-basic
    ct1: nagios-plugins-common
    ct1: nagios-plugins-contrib
    ct1: nagios-plugins-standard
    ct1: neutron-common
    ct1: neutron-plugin-contrail
    ct1: neutron-plugin-ml2
    ct1: neutron-server					i
    ct1: nstall
    ct1: nodejs
    ct1: ntp
    ct1: ntpdate
    ct1: open-vm-tools
    ct1: puppet
    ct1: puppet-common
    ct1: puppetlabs-release
    ct1: python
    ct1: python-alembic
    ct1: python-amqp
    ct1: python-backports.ssl-match-hostname
    ct1: python-bitarray
    ct1: python-bottle
    ct1: python-bson
    ct1: python-bson-ext
    ct1: python-certifi
    ct1: python-cffi
    ct1: python-consulate
    ct1: python-contrail
    ct1: python-cql
    ct1: python-dogpile.cache
    ct1: python-dogpile.core
    ct1: python-gevent
    ct1: python-geventhttpclient
    ct1: python-gridfs
    ct1: python-hpilo
    ct1: python-ironicclient
    ct1: python-jiocloud
    ct1: python-kazoo
    ct1: python-keyring
    ct1: python-keystone
    ct1: python-keystoneclient
    ct1: python-keystonemiddleware
    ct1: python-lazr.restfulclient
    ct1: python-lazr.uri
    ct1: python-ldap
    ct1: python-ldappool
    ct1: python-lockfile
    ct1: python-mako
    ct1: python-meld3
    ct1: python-memcache
    ct1: python-migrate
    ct1: python-mimeparse
    ct1: python-mysqldb
    ct1: python-ncclient
    ct1: python-ndg-httpsclient
    ct1: python-neutron
    ct1: python-neutron-fwaas
    ct1: python-neutronclient
    ct1: python-novaclient
    ct1: python-ntdb
    ct1: python-openid
    ct1: python-oslo-concurrency
    ct1: python-oslo-config
    ct1: python-oslo-context
    ct1: python-oslo-db
    ct1: python-oslo-i18n
    ct1: python-oslo-log
    ct1: python-oslo-messaging
    ct1: python-oslo-middleware
    ct1: python-oslo-policy
    ct1: python-oslo-rootwrap
    ct1: python-oslo-serialization
    ct1: python-oslo-utils
    ct1: python-oslo.config
    ct1: python-oslo.i18n
    ct1: python-oslo.serialization
    ct1: python-oslo.utils
    ct1: pytho
    ct1: n-oslosphinx
    ct1: python-pycassa
    ct1: python-pymongo
    ct1: python-pymongo-ext
    ct1: python-retrying
    ct1: python-routes
    ct1: python-samba
    ct1: python-scgi
    ct1: python-sqlalchemy
    ct1: python-sqlalchemy-ext
    ct1: python-sqlparse
    ct1: python-thrift
    ct1: python-webob
    ct1: python-xmltodict
    ct1: python-zope.interface
    ct1: rabbitmq-server
    ct1: redis-server
    ct1: redis-tools
    ct1: supervisor
    ct1: udisks2
    ct1: unattended-
    ct1: upgrades
    ct1: zookeeper
    ct1: zookeeperd
==> gcp1: finished with exit code 0
    gcp1: lvm2
    gcp1: msr-tools
    gcp1: nagios-plugins
    gcp1: nagios-plugins-basic
    gcp1: nagios-plugins-common
    gcp1: nagios-plugins-standard
    gcp1: nova-common
    gcp1: nova-compute
    gcp1: nova-compute-libvirt
    gcp1: nova-compute-qemu
    gcp1: ntp
    gcp1: ntpdate
    gcp1: open-iscsi
    gcp1: open-vm-tools
    gcp1: pep8
    gcp1: pm-utils
    gcp1: poppler-data
    gcp1: puppet
    gcp1: puppet-common
    gcp1: puppetlabs-release
    gcp1: pyflakes
    gcp1: python
    gcp1: python-alembic
    gcp1: python-amqp
    gcp1: python-amqplib
    gcp1: python-backports.ssl-match-hostname
    gcp1: python-bitarray
    gcp1: python-boto
    gcp1: python-bottle
    gcp1: python-cairo
    gcp1: python-ceilometerclient
    gcp1: python-cephfs
    gcp1: python-certifi
    gcp1: python-cffi
    gcp1: python-cinderclient
    gcp1: python-colorama
    gcp1: python-colorama-whl
    gcp1: python-consulate
    gcp1: python-contrail
    gcp1: python-contrail-vrouter-api
    gcp1: python-coverage
    gcp1: python-dev
    gcp1: python-distlib
    gcp1: python-distlib-whl
    gcp1: python-docker-py
    gcp1: python-docutils
    gcp1: python-dogpile.cache
    gcp1: python-dogpile.core
    gcp1: python-flake8
    gcp1: python-gevent
    gcp1: python-geventhttpclient
    gcp1: python-glanceclient
    gcp1: python-gobject-2
    gcp1: python-gtk2
    gcp1: python-hacking
    gcp1: python-heatclient
    gcp1: python-hpilo
    gcp1: python-html5lib
    gcp1: python-html5lib-whl
    gcp1: python-ironicclient
    gcp1: python-jiocloud
    gcp1: python-junitxml
    gcp1: python-keyring
    gcp1: python-keystone
    gcp1: python-keystoneclient
    gcp1: python-keystonemiddleware
    gcp1: python-lazr.restfulclient
    gcp1: python-lazr.uri
    gcp1: python-ldap
    gcp1: python-ldappool
    gcp1: python-libvirt
    gcp1: python-lockfile
    gcp1: python-m2crypto
    gcp1: python-mako
    gcp1: python-mccabe
    gcp1: python-meld3
    gcp1: python-memcache
    gcp1: python-migrate
    gcp1: python-mimeparse
    gcp1: python-mox
    gcp1: python-mox3
    gcp1: python-mysqldb
    gcp1: python-ndg-httpsclient
    gcp1: python-neutronclient
    gcp1: python-nova
    gcp1: python-novaclient
    gcp1: python-ntdb
    gcp1: python-opencontrail-vrouter-netns
    gcp1: python-openid
    gcp1: python-openstackclient
    gcp1: python-oslo-concurrency
    gcp1: python-oslo-config
    gcp1: python-oslo-context
    gcp1: python-oslo-db
    gcp1: python-oslo-i18n
    gcp1: python-oslo-log
    gcp1: python-oslo-messaging
    gcp1: python-oslo-middleware
    gcp1: python-oslo-policy
    gcp1: python-oslo-rootwrap
    gcp1: python-oslo-serialization
    gcp1: python-oslo-utils
    gcp1: python-oslo.config
    gcp1: python-oslo.i18n
    gcp1: python-oslo.messaging
    gcp1: python-oslo.serialization
    gcp1: python-oslo.utils
    gcp1: python-oslosphinx
    gcp1: python-oslotest
    gcp1: python-pil
    gcp1: python-pycassa
    gcp1: python-pygments
    gcp1: python-pyinotify
    gcp1: python-rados
    gcp1: python-rbd
    gcp1: python-retrying
    gcp1: python-rfc3986
    gcp1: python-roman
    gcp1: python-routes
    gcp1: python-samba
    gcp1: python-scgi
    gcp1: python-sphinx
    gcp1: python-sqlalchemy
    gcp1: python-sqlalchemy-ext
    gcp1: python-sqlparse
    gcp1: python-subunit
    gcp1: python-tempest-lib
    gcp1: python-testrepository
    gcp1: python-thrift
    gcp1: python-warlock
    gcp1: python-webob
    gcp1: python-wheel
    gcp1: python-zmq
    gcp1: python-zope.interface
    gcp1: qemu
    gcp1: qemu-slof
    gcp1: qemu-system
    gcp1: qemu-system-arm
    gcp1: qemu-system-common
    gcp1: qemu-system-mips
    gcp1: qemu-system-misc
    gcp1: qemu-system-ppc
    gcp1: qemu-system-sparc
    gcp1: qemu-system-x86
    gcp1: qemu-user
    gcp1: qemu-user-binfmt
    gcp1: qemu-utils
    gcp1: reiserfsprogs
    gcp1: squid-langpack
    gcp1: squid3
    gcp1: squid3-common
    gcp1: tall
    gcp1: supervisor
    gcp1: vlan
==> haproxy1: finished with exit code 0
    haproxy1: brrd4
    haproxy1: nagios-plugins
    haproxy1: nagios-plugins-basic
    haproxy1: nagios-plugins-common
    haproxy1: nagios-plugins-contrib
    haproxy1: nagios-plugins-standard
    haproxy1: ntp
    haproxy1: ntpdate
    haproxy1: open-vm-tools
    haproxy1: puppet
    haproxy1: puppet-common
    haproxy1: puppetlabs-release
    haproxy1: python-bson
    haproxy1: python-bson-ext
    haproxy1: python-consulate
    haproxy1: python-glanceclient
    haproxy1: python-gridfs
    haproxy1: python-hpilo
    haproxy1: python-ironicclient
    haproxy1: python-jiocloud
    haproxy1: python-keyring
    haproxy1: python-keystoneclient
    haproxy1: python-lazr.restfulclient
    haproxy1: python-lazr.uri
    haproxy1: python-mysqldb
    haproxy1: python-ndg-httpsclient
    haproxy1: python-novaclient
    haproxy1: python-ntdb
    haproxy1: python-oslo-config
    haproxy1: python-oslo-i18n
    haproxy1: python-oslo-serialization
    haproxy1: python-oslo-utils
    haproxy1: python-oslo.i18n
    haproxy1: python-oslo.serialization
    haproxy1: python-oslo.utils
    haproxy1: python-pymongo
    haproxy1: python-pymongo-ext
    haproxy1: python-samba
    haproxy1: python-warlock
    haproxy1: python-zope.interface
==> ocdb1: finished with exit code 0
    ocdb1: lvm2
    ocdb1: mariadb-client-5.5
    ocdb1: mariadb-client-core-5.5
    ocdb1: mariadb-common
    ocdb1: mariadb-server
    ocdb1: mariadb-server-5.5
    ocdb1: mariadb-server-core-5.5
    ocdb1: memcached
    ocdb1: msr-tools
    ocdb1: nagios-plugins
    ocdb1: nagios-plugins-basic
    ocdb1: nagios-plugins-common
    ocdb1: nagios-plugins-standard
    ocdb1: nova-api
    ocdb1: nova-cert
    ocdb1: nova-common
    ocdb1: nova-conductor
    ocdb1: nova-consoleauth
    ocdb1: nova-novncproxy
    ocdb1: nova-scheduler
    ocdb1: novnc
    ocdb1: ntp
    ocdb1: ntpdate
    ocdb1: open-vm-tools
    ocdb1: pm-utils
    ocdb1: poppler-data
    ocdb1: puppet
    ocdb1: puppet-common
    ocdb1: puppetlabs-release
    ocdb1: python
    ocdb1: python-alembic
    ocdb1: python-amqp
    ocdb1: python-amqplib
    ocdb1: python-barbicanclient
    ocdb1: python-boto
    ocdb1: python-ceph
    ocdb1: python-cephfs
    ocdb1: python-cffi
    ocdb1: python-cinder
    ocdb1: python-cinderclient
    ocdb1: python-consulate
    ocdb1: python-dogpile.cac
    ocdb1: python-dogpile.core
    ocdb1: python-glance
    ocdb1: python-glance-store
    ocdb1: python-glanceclient
    ocdb1: python-hpilo
    ocdb1: python-ironicclient
    ocdb1: python-jiocloud
    ocdb1: python-keyring
    ocdb1: python-keystone
    ocdb1: python-keystoneclient
    ocdb1: python-keystonemiddleware
    ocdb1: python-lazr.restfulclient
    ocdb1: python-lazr.uri
    ocdb1: python-ldap
    ocdb1: python-ldappool
    ocdb1: python-lockfile
    ocdb1: python-m2crypto
    ocdb1: python-mako
    ocdb1: python-memcache
    ocdb1: python-migrate
    ocdb1: python-mimeparse
    ocdb1: python-mysqldb
    ocdb1: python-ndg-httpsclient
    ocdb1: python-networkx
    ocdb1: python-neutronclient
    ocdb1: python-nova
    ocdb1: python-novaclient
    ocdb1: python-novnc
    ocdb1: python-ntdb
    ocdb1: python-numpy
    ocdb1: python-openid
    ocdb1: python-openstackclient
    ocdb1: python-oslo-concurrency
    ocdb1: python-oslo-config
    ocdb1: python-oslo-context
    ocdb1: python-oslo-db
    ocdb1: python-oslo-i18n
    ocdb1: python-oslo-log
    ocdb1: python-oslo-messaging
    ocdb1: python-oslo-middleware
    ocdb1: python-oslo-policy
    ocdb1: python-oslo-rootwrap
    ocdb1: python-oslo-serialization
    ocdb1: python-oslo-utils
    ocdb1: python-oslo-vmware
    ocdb1: python-oslo.config
    ocdb1: python-oslo.i18n
    ocdb1: python-oslo.messaging
    ocdb1: python-oslo.serialization
    ocdb1: python-oslo.utils
    ocdb1: python-oslosphinx
    ocdb1: python-osprofiler
    ocdb1: python-rados
    ocdb1: python-rbd
    ocdb1: python-retrying
    ocdb1: python-rfc3986
    ocdb1: python-routes
    ocdb1: python-samba
    ocdb1: python-scgi
    ocdb1: python-semantic-version
    ocdb1: python-simplegeneric
    ocdb1: python-sqlalchemy
    ocdb1: python-sqlalchemy-ext
    ocdb1: python-sqlparse
    ocdb1: python-swiftclient
    ocdb1:
    ocdb1: python-warlock
    ocdb1: python-webob
    ocdb1: python-wsme
    ocdb1: python-zmq
    ocdb1: python-zope.interface
    ocdb1: qemu-system-common
    ocdb1: qemu-system-x86
    ocdb1: qemu-utils
    ocdb1: reiserfsprogs
==> st1: finished with exit code 0
    st1: libusb-0.1-4:amd64
    st1:
    st1: nagios-plugins
    st1: nagios-plugins-basic
    st1: nagios-plugins-common
    st1: nagios-plugins-standard
    st1: ntp
    st1: ntpdate
    st1: open-vm-tools
    st1: puppet
    st1: puppet-common
    st1: puppetlabs-release
    st1: python
    st1: python-cephfs
    st1: python-consulate
    st1: python-hpilo
    st1: python-ironicclient
    st1: python-jiocloud
    st1: python-keyring
    st1: python-keystoneclient
    st1: python-lazr.restfulclient
    st1: python-lazr.uri
    st1: python-mysqldb
    st1: python-ndg-httpsclient
    st1: python-novaclient
    st1: python-ntdb
    st1: python-oslo-config
    st1: python-oslo-i18n
    st1: python-oslo-serialization
    st1: python-oslo-utils
    st1: python-oslo.i18n
    st1: python-oslo.serialization
    st1: python-oslo.utils
    st1: python-rados
    st1: python-rbd
    st1: python-samba
    st1: python-zope.interface
==> stmon1: finished with exit code 0
    stmon1: nagios-plugins
    stmon1: nagios-plugins-basic
    stmon1: nagios-plugins-common
    stmon1: nagios-plugins-standard
    stmon1: ntp
    stmon1: ntpdate
    stmon1: open-vm-tools
    stmon1: puppet
    stmon1: puppet-common
    stmon1: puppetlabs-release
    stmon1: python
    stmon1: python-cephfs
    stmon1: python-consulate
    stmon1: python-hpilo
    stmon1: python-ironicclient
    stmon1: python-jiocloud
    stmon1: python-keyring
    stmon1: python-keystoneclient
    stmon1: python-lazr.restfulclient
    stmon1: python-lazr.uri
    stmon1: python-mysqldb
    stmon1: python-ndg-httpsclient
    stmon1: python-novaclient
    stmon1: python-ntdb
    stmon1: python-oslo-config
    stmon1: python-oslo-i18n
    stmon1: python-oslo-serialization
    stmon1: python-oslo-utils
    stmon1: python-oslo.i18n
    stmon1: python-oslo.serialization
    stmon1: python-oslo.utils
    stmon1: python-rados
    stmon1: python-rbd
    stmon1: python-samba
    stmon1: python-swiftclient
    stmon1: python-zope.interface
    stmon1: radosgw
==> stmon2: finished with exit code 0
    stmon2: nagios-plugins
    stmon2: nagios-plugins-basic
    stmon2: nagios-plugins-common
    stmon2: nagios-plugins-standard
    stmon2: ntp
    stmon2: ntpdate
    stmon2: open-vm-tools
    stmon2: puppet
    stmon2: puppet-common
    stmon2: puppetlabs-release
    stmon2: python
    stmon2: python-cephfs
    stmon2: python-consulate
    stmon2: python-hpilo
    stmon2: python-ironicclient
    stmon2: python-jiocloud
    stmon2: python-keyring
    stmon2: python-keystoneclient
    stmon2: python-lazr.restfulclient
    stmon2: python-lazr.uri
    stmon2: python-mysqldb
    stmon2: python-ndg-httpsclient
    stmon2: python-novaclient
    stmon2: python-ntdb
    stmon2: python-oslo-config
    stmon2: python-oslo-i18n
    stmon2: python-oslo-serialization
    stmon2: python-oslo-utils
    stmon2: python-oslo.i18n
    stmon2: python-oslo.serialization
    stmon2: python-oslo.utils
    stmon2: python-rados
    stmon2: python-rbd
    stmon2: python-samba
    stmon2: python-swiftclient
    stmon2: python-zope.interface
    stmon2: radosgw
==> stmonleader1: finished with exit code 0
    stmonleader1: python-cephfs
    stmonleader1: python-consulate
    stmonleader1: python-hpilo
    stmonleader1: python-ironicclient
    stmonleader1: python-jiocloud
    stmonleader1: python-keyring
    stmonleader1: python-keystoneclient
    stmonleader1: python-lazr.restfulclient
    stmonleader1: python-lazr.uri
    stmonleader1: python-mysqldb
    stmonleader1: python-ndg-httpsclient
    stmonleader1: python-novaclient
    stmonleader1: python-ntdb
    stmonleader1: python-oslo-config
    stmonleader1: python-oslo-i18n
    stmonleader1: python-oslo-serialization
    stmonleader1: python-oslo-utils
    stmonleader1: python-oslo.i18n
    stmonleader1: python-oslo.serialization
    stmonleader1: python-oslo.utils
    stmonleader1: python-rados
    stmonleader1: python-rbd
    stmonleader1: python-samba
    stmonleader1: python-swiftclient
    stmonleader1: python-zope.interface
    stmonleader1: radosgw
12 / 12 node(s) completed / acknowledged
